16:43:23.987 [main] INFO  api.test.UserTest - ***** Reading User Info *********
16:43:28.059 [main] INFO  api.test.UserTest - ***** User Created *********
16:43:28.116 [main] INFO  api.test.UserTest - ***** Reading user info *********
16:43:29.328 [main] INFO  api.test.UserTest - ***** User Info is displayed*********
16:43:29.339 [main] INFO  api.test.UserTest - ***** Updating user*********
16:43:31.880 [main] INFO  api.test.UserTest - ***** User is updated*********
16:43:31.887 [main] INFO  api.test.UserTest - ***** Deleting user*********
16:43:32.983 [main] INFO  api.test.UserTest - ***** User deleted*********
15:41:11.167 [main] DEBUG api.test.UserTest2 - debugging...
15:41:11.192 [main] INFO  api.test.UserTest2 - ***** Reading User Info *********
15:41:13.532 [main] INFO  api.test.UserTest2 - ***** Reading user info *********
15:41:13.616 [main] INFO  api.test.UserTest2 - ***** Updating user*********
15:41:13.640 [main] INFO  api.test.UserTest2 - ***** Deleting user*********
15:47:21.717 [main] DEBUG api.test.UserTest2 - debugging...
15:47:21.742 [main] INFO  api.test.UserTest2 - ***** Reading User Info *********
15:47:25.509 [main] INFO  api.test.UserTest2 - ***** Reading user info *********
15:47:26.848 [main] INFO  api.test.UserTest2 - ***** Updating user*********
15:47:29.596 [main] INFO  api.test.UserTest2 - ***** Deleting user*********
15:49:00.903 [main] DEBUG api.test.UserTest2 - debugging...
15:49:00.935 [main] INFO  api.test.UserTest2 - ***** Reading User Info *********
15:49:05.803 [main] INFO  api.test.UserTest2 - ***** User Created *********
15:49:05.821 [main] INFO  api.test.UserTest2 - ***** Reading user info *********
15:49:07.092 [main] INFO  api.test.UserTest2 - ***** User Info is displayed*********
15:49:07.109 [main] INFO  api.test.UserTest2 - ***** Updating user*********
15:49:09.636 [main] INFO  api.test.UserTest2 - ***** User is updated*********
15:49:09.645 [main] INFO  api.test.UserTest2 - ***** Deleting user*********
15:49:11.284 [main] INFO  api.test.UserTest2 - ***** User deleted*********
15:59:21.630 [main] DEBUG org.apache.poi.openxml4j.opc.PackageRelationshipCollection - Parsing relationship: /xl/_rels/workbook.xml.rels
15:59:21.638 [main] DEBUG org.apache.poi.openxml4j.opc.PackageRelationshipCollection - Parsing relationship: /xl/worksheets/_rels/sheet1.xml.rels
15:59:21.640 [main] DEBUG org.apache.poi.openxml4j.opc.PackageRelationshipCollection - Parsing relationship: /_rels/.rels
15:59:22.416 [main] DEBUG org.apache.poi.ooxml.POIXMLFactory - using default POIXMLDocumentPart for http://schemas.openxmlformats.org/officeDocument/2006/relationships/printerSettings
15:59:22.590 [main] DEBUG org.apache.poi.openxml4j.opc.PackageRelationshipCollection - Parsing relationship: /xl/_rels/workbook.xml.rels
15:59:22.592 [main] DEBUG org.apache.poi.openxml4j.opc.PackageRelationshipCollection - Parsing relationship: /xl/worksheets/_rels/sheet1.xml.rels
15:59:22.592 [main] DEBUG org.apache.poi.openxml4j.opc.PackageRelationshipCollection - Parsing relationship: /_rels/.rels
15:59:22.608 [main] DEBUG org.apache.poi.ooxml.POIXMLFactory - using default POIXMLDocumentPart for http://schemas.openxmlformats.org/officeDocument/2006/relationships/printerSettings
15:59:22.623 [main] DEBUG org.apache.poi.openxml4j.opc.PackageRelationshipCollection - Parsing relationship: /xl/_rels/workbook.xml.rels
15:59:22.624 [main] DEBUG org.apache.poi.openxml4j.opc.PackageRelationshipCollection - Parsing relationship: /xl/worksheets/_rels/sheet1.xml.rels
15:59:22.625 [main] DEBUG org.apache.poi.openxml4j.opc.PackageRelationshipCollection - Parsing relationship: /_rels/.rels
15:59:22.636 [main] DEBUG org.apache.poi.ooxml.POIXMLFactory - using default POIXMLDocumentPart for http://schemas.openxmlformats.org/officeDocument/2006/relationships/printerSettings
15:59:22.734 [main] DEBUG org.apache.poi.openxml4j.opc.PackageRelationshipCollection - Parsing relationship: /xl/_rels/workbook.xml.rels
15:59:22.735 [main] DEBUG org.apache.poi.openxml4j.opc.PackageRelationshipCollection - Parsing relationship: /xl/worksheets/_rels/sheet1.xml.rels
15:59:22.736 [main] DEBUG org.apache.poi.openxml4j.opc.PackageRelationshipCollection - Parsing relationship: /_rels/.rels
15:59:22.748 [main] DEBUG org.apache.poi.ooxml.POIXMLFactory - using default POIXMLDocumentPart for http://schemas.openxmlformats.org/officeDocument/2006/relationships/printerSettings
15:59:22.787 [main] DEBUG org.apache.poi.openxml4j.opc.PackageRelationshipCollection - Parsing relationship: /xl/_rels/workbook.xml.rels
15:59:22.788 [main] DEBUG org.apache.poi.openxml4j.opc.PackageRelationshipCollection - Parsing relationship: /xl/worksheets/_rels/sheet1.xml.rels
15:59:22.788 [main] DEBUG org.apache.poi.openxml4j.opc.PackageRelationshipCollection - Parsing relationship: /_rels/.rels
15:59:22.801 [main] DEBUG org.apache.poi.ooxml.POIXMLFactory - using default POIXMLDocumentPart for http://schemas.openxmlformats.org/officeDocument/2006/relationships/printerSettings
15:59:22.821 [main] DEBUG org.apache.poi.openxml4j.opc.PackageRelationshipCollection - Parsing relationship: /xl/_rels/workbook.xml.rels
15:59:22.822 [main] DEBUG org.apache.poi.openxml4j.opc.PackageRelationshipCollection - Parsing relationship: /xl/worksheets/_rels/sheet1.xml.rels
15:59:22.823 [main] DEBUG org.apache.poi.openxml4j.opc.PackageRelationshipCollection - Parsing relationship: /_rels/.rels
15:59:22.837 [main] DEBUG org.apache.poi.ooxml.POIXMLFactory - using default POIXMLDocumentPart for http://schemas.openxmlformats.org/officeDocument/2006/relationships/printerSettings
15:59:22.858 [main] DEBUG org.apache.poi.openxml4j.opc.PackageRelationshipCollection - Parsing relationship: /xl/_rels/workbook.xml.rels
15:59:22.860 [main] DEBUG org.apache.poi.openxml4j.opc.PackageRelationshipCollection - Parsing relationship: /xl/worksheets/_rels/sheet1.xml.rels
15:59:22.861 [main] DEBUG org.apache.poi.openxml4j.opc.PackageRelationshipCollection - Parsing relationship: /_rels/.rels
15:59:22.874 [main] DEBUG org.apache.poi.ooxml.POIXMLFactory - using default POIXMLDocumentPart for http://schemas.openxmlformats.org/officeDocument/2006/relationships/printerSettings
15:59:22.890 [main] DEBUG org.apache.poi.openxml4j.opc.PackageRelationshipCollection - Parsing relationship: /xl/_rels/workbook.xml.rels
15:59:22.893 [main] DEBUG org.apache.poi.openxml4j.opc.PackageRelationshipCollection - Parsing relationship: /xl/worksheets/_rels/sheet1.xml.rels
15:59:22.894 [main] DEBUG org.apache.poi.openxml4j.opc.PackageRelationshipCollection - Parsing relationship: /_rels/.rels
15:59:22.926 [main] DEBUG org.apache.poi.ooxml.POIXMLFactory - using default POIXMLDocumentPart for http://schemas.openxmlformats.org/officeDocument/2006/relationships/printerSettings
15:59:22.960 [main] DEBUG org.apache.poi.openxml4j.opc.PackageRelationshipCollection - Parsing relationship: /xl/_rels/workbook.xml.rels
15:59:22.966 [main] DEBUG org.apache.poi.openxml4j.opc.PackageRelationshipCollection - Parsing relationship: /xl/worksheets/_rels/sheet1.xml.rels
15:59:22.968 [main] DEBUG org.apache.poi.openxml4j.opc.PackageRelationshipCollection - Parsing relationship: /_rels/.rels
15:59:23.005 [main] DEBUG org.apache.poi.ooxml.POIXMLFactory - using default POIXMLDocumentPart for http://schemas.openxmlformats.org/officeDocument/2006/relationships/printerSettings
15:59:23.025 [main] DEBUG org.apache.poi.openxml4j.opc.PackageRelationshipCollection - Parsing relationship: /xl/_rels/workbook.xml.rels
15:59:23.029 [main] DEBUG org.apache.poi.openxml4j.opc.PackageRelationshipCollection - Parsing relationship: /xl/worksheets/_rels/sheet1.xml.rels
15:59:23.031 [main] DEBUG org.apache.poi.openxml4j.opc.PackageRelationshipCollection - Parsing relationship: /_rels/.rels
15:59:23.049 [main] DEBUG org.apache.poi.ooxml.POIXMLFactory - using default POIXMLDocumentPart for http://schemas.openxmlformats.org/officeDocument/2006/relationships/printerSettings
15:59:23.074 [main] DEBUG org.apache.poi.openxml4j.opc.PackageRelationshipCollection - Parsing relationship: /xl/_rels/workbook.xml.rels
15:59:23.075 [main] DEBUG org.apache.poi.openxml4j.opc.PackageRelationshipCollection - Parsing relationship: /xl/worksheets/_rels/sheet1.xml.rels
15:59:23.077 [main] DEBUG org.apache.poi.openxml4j.opc.PackageRelationshipCollection - Parsing relationship: /_rels/.rels
15:59:23.090 [main] DEBUG org.apache.poi.ooxml.POIXMLFactory - using default POIXMLDocumentPart for http://schemas.openxmlformats.org/officeDocument/2006/relationships/printerSettings
15:59:23.116 [main] DEBUG org.apache.poi.openxml4j.opc.PackageRelationshipCollection - Parsing relationship: /xl/_rels/workbook.xml.rels
15:59:23.117 [main] DEBUG org.apache.poi.openxml4j.opc.PackageRelationshipCollection - Parsing relationship: /xl/worksheets/_rels/sheet1.xml.rels
15:59:23.118 [main] DEBUG org.apache.poi.openxml4j.opc.PackageRelationshipCollection - Parsing relationship: /_rels/.rels
15:59:23.127 [main] DEBUG org.apache.poi.ooxml.POIXMLFactory - using default POIXMLDocumentPart for http://schemas.openxmlformats.org/officeDocument/2006/relationships/printerSettings
15:59:23.145 [main] DEBUG org.apache.poi.openxml4j.opc.PackageRelationshipCollection - Parsing relationship: /xl/_rels/workbook.xml.rels
15:59:23.147 [main] DEBUG org.apache.poi.openxml4j.opc.PackageRelationshipCollection - Parsing relationship: /xl/worksheets/_rels/sheet1.xml.rels
15:59:23.149 [main] DEBUG org.apache.poi.openxml4j.opc.PackageRelationshipCollection - Parsing relationship: /_rels/.rels
15:59:23.158 [main] DEBUG org.apache.poi.ooxml.POIXMLFactory - using default POIXMLDocumentPart for http://schemas.openxmlformats.org/officeDocument/2006/relationships/printerSettings
15:59:23.175 [main] DEBUG org.apache.poi.openxml4j.opc.PackageRelationshipCollection - Parsing relationship: /xl/_rels/workbook.xml.rels
15:59:23.177 [main] DEBUG org.apache.poi.openxml4j.opc.PackageRelationshipCollection - Parsing relationship: /xl/worksheets/_rels/sheet1.xml.rels
15:59:23.179 [main] DEBUG org.apache.poi.openxml4j.opc.PackageRelationshipCollection - Parsing relationship: /_rels/.rels
15:59:23.192 [main] DEBUG org.apache.poi.ooxml.POIXMLFactory - using default POIXMLDocumentPart for http://schemas.openxmlformats.org/officeDocument/2006/relationships/printerSettings
15:59:23.207 [main] DEBUG org.apache.poi.openxml4j.opc.PackageRelationshipCollection - Parsing relationship: /xl/_rels/workbook.xml.rels
15:59:23.209 [main] DEBUG org.apache.poi.openxml4j.opc.PackageRelationshipCollection - Parsing relationship: /xl/worksheets/_rels/sheet1.xml.rels
15:59:23.210 [main] DEBUG org.apache.poi.openxml4j.opc.PackageRelationshipCollection - Parsing relationship: /_rels/.rels
15:59:23.224 [main] DEBUG org.apache.poi.ooxml.POIXMLFactory - using default POIXMLDocumentPart for http://schemas.openxmlformats.org/officeDocument/2006/relationships/printerSettings
15:59:23.240 [main] DEBUG org.apache.poi.openxml4j.opc.PackageRelationshipCollection - Parsing relationship: /xl/_rels/workbook.xml.rels
15:59:23.241 [main] DEBUG org.apache.poi.openxml4j.opc.PackageRelationshipCollection - Parsing relationship: /xl/worksheets/_rels/sheet1.xml.rels
15:59:23.242 [main] DEBUG org.apache.poi.openxml4j.opc.PackageRelationshipCollection - Parsing relationship: /_rels/.rels
15:59:23.254 [main] DEBUG org.apache.poi.ooxml.POIXMLFactory - using default POIXMLDocumentPart for http://schemas.openxmlformats.org/officeDocument/2006/relationships/printerSettings
15:59:23.272 [main] DEBUG org.apache.poi.openxml4j.opc.PackageRelationshipCollection - Parsing relationship: /xl/_rels/workbook.xml.rels
15:59:23.273 [main] DEBUG org.apache.poi.openxml4j.opc.PackageRelationshipCollection - Parsing relationship: /xl/worksheets/_rels/sheet1.xml.rels
15:59:23.274 [main] DEBUG org.apache.poi.openxml4j.opc.PackageRelationshipCollection - Parsing relationship: /_rels/.rels
15:59:23.286 [main] DEBUG org.apache.poi.ooxml.POIXMLFactory - using default POIXMLDocumentPart for http://schemas.openxmlformats.org/officeDocument/2006/relationships/printerSettings
15:59:23.302 [main] DEBUG org.apache.poi.openxml4j.opc.PackageRelationshipCollection - Parsing relationship: /xl/_rels/workbook.xml.rels
15:59:23.303 [main] DEBUG org.apache.poi.openxml4j.opc.PackageRelationshipCollection - Parsing relationship: /xl/worksheets/_rels/sheet1.xml.rels
15:59:23.304 [main] DEBUG org.apache.poi.openxml4j.opc.PackageRelationshipCollection - Parsing relationship: /_rels/.rels
15:59:23.315 [main] DEBUG org.apache.poi.ooxml.POIXMLFactory - using default POIXMLDocumentPart for http://schemas.openxmlformats.org/officeDocument/2006/relationships/printerSettings
15:59:23.330 [main] DEBUG org.apache.poi.openxml4j.opc.PackageRelationshipCollection - Parsing relationship: /xl/_rels/workbook.xml.rels
15:59:23.332 [main] DEBUG org.apache.poi.openxml4j.opc.PackageRelationshipCollection - Parsing relationship: /xl/worksheets/_rels/sheet1.xml.rels
15:59:23.333 [main] DEBUG org.apache.poi.openxml4j.opc.PackageRelationshipCollection - Parsing relationship: /_rels/.rels
15:59:23.341 [main] DEBUG org.apache.poi.ooxml.POIXMLFactory - using default POIXMLDocumentPart for http://schemas.openxmlformats.org/officeDocument/2006/relationships/printerSettings
15:59:23.353 [main] DEBUG org.apache.poi.openxml4j.opc.PackageRelationshipCollection - Parsing relationship: /xl/_rels/workbook.xml.rels
15:59:23.354 [main] DEBUG org.apache.poi.openxml4j.opc.PackageRelationshipCollection - Parsing relationship: /xl/worksheets/_rels/sheet1.xml.rels
15:59:23.354 [main] DEBUG org.apache.poi.openxml4j.opc.PackageRelationshipCollection - Parsing relationship: /_rels/.rels
15:59:23.364 [main] DEBUG org.apache.poi.ooxml.POIXMLFactory - using default POIXMLDocumentPart for http://schemas.openxmlformats.org/officeDocument/2006/relationships/printerSettings
15:59:23.384 [main] DEBUG org.apache.poi.openxml4j.opc.PackageRelationshipCollection - Parsing relationship: /xl/_rels/workbook.xml.rels
15:59:23.385 [main] DEBUG org.apache.poi.openxml4j.opc.PackageRelationshipCollection - Parsing relationship: /xl/worksheets/_rels/sheet1.xml.rels
15:59:23.386 [main] DEBUG org.apache.poi.openxml4j.opc.PackageRelationshipCollection - Parsing relationship: /_rels/.rels
15:59:23.396 [main] DEBUG org.apache.poi.ooxml.POIXMLFactory - using default POIXMLDocumentPart for http://schemas.openxmlformats.org/officeDocument/2006/relationships/printerSettings
15:59:23.409 [main] DEBUG org.apache.poi.openxml4j.opc.PackageRelationshipCollection - Parsing relationship: /xl/_rels/workbook.xml.rels
15:59:23.410 [main] DEBUG org.apache.poi.openxml4j.opc.PackageRelationshipCollection - Parsing relationship: /xl/worksheets/_rels/sheet1.xml.rels
15:59:23.412 [main] DEBUG org.apache.poi.openxml4j.opc.PackageRelationshipCollection - Parsing relationship: /_rels/.rels
15:59:23.421 [main] DEBUG org.apache.poi.ooxml.POIXMLFactory - using default POIXMLDocumentPart for http://schemas.openxmlformats.org/officeDocument/2006/relationships/printerSettings
15:59:23.435 [main] DEBUG org.apache.poi.openxml4j.opc.PackageRelationshipCollection - Parsing relationship: /xl/_rels/workbook.xml.rels
15:59:23.436 [main] DEBUG org.apache.poi.openxml4j.opc.PackageRelationshipCollection - Parsing relationship: /xl/worksheets/_rels/sheet1.xml.rels
15:59:23.437 [main] DEBUG org.apache.poi.openxml4j.opc.PackageRelationshipCollection - Parsing relationship: /_rels/.rels
15:59:23.446 [main] DEBUG org.apache.poi.ooxml.POIXMLFactory - using default POIXMLDocumentPart for http://schemas.openxmlformats.org/officeDocument/2006/relationships/printerSettings
15:59:32.139 [main] DEBUG org.apache.poi.openxml4j.opc.PackageRelationshipCollection - Parsing relationship: /xl/_rels/workbook.xml.rels
15:59:32.144 [main] DEBUG org.apache.poi.openxml4j.opc.PackageRelationshipCollection - Parsing relationship: /xl/worksheets/_rels/sheet1.xml.rels
15:59:32.147 [main] DEBUG org.apache.poi.openxml4j.opc.PackageRelationshipCollection - Parsing relationship: /_rels/.rels
15:59:32.185 [main] DEBUG org.apache.poi.ooxml.POIXMLFactory - using default POIXMLDocumentPart for http://schemas.openxmlformats.org/officeDocument/2006/relationships/printerSettings
15:59:32.236 [main] DEBUG org.apache.poi.openxml4j.opc.PackageRelationshipCollection - Parsing relationship: /xl/_rels/workbook.xml.rels
15:59:32.239 [main] DEBUG org.apache.poi.openxml4j.opc.PackageRelationshipCollection - Parsing relationship: /xl/worksheets/_rels/sheet1.xml.rels
15:59:32.240 [main] DEBUG org.apache.poi.openxml4j.opc.PackageRelationshipCollection - Parsing relationship: /_rels/.rels
15:59:32.259 [main] DEBUG org.apache.poi.ooxml.POIXMLFactory - using default POIXMLDocumentPart for http://schemas.openxmlformats.org/officeDocument/2006/relationships/printerSettings
15:59:32.296 [main] DEBUG org.apache.poi.openxml4j.opc.PackageRelationshipCollection - Parsing relationship: /xl/_rels/workbook.xml.rels
15:59:32.300 [main] DEBUG org.apache.poi.openxml4j.opc.PackageRelationshipCollection - Parsing relationship: /xl/worksheets/_rels/sheet1.xml.rels
15:59:32.303 [main] DEBUG org.apache.poi.openxml4j.opc.PackageRelationshipCollection - Parsing relationship: /_rels/.rels
15:59:32.332 [main] DEBUG org.apache.poi.ooxml.POIXMLFactory - using default POIXMLDocumentPart for http://schemas.openxmlformats.org/officeDocument/2006/relationships/printerSettings
15:59:32.390 [main] DEBUG org.apache.poi.openxml4j.opc.PackageRelationshipCollection - Parsing relationship: /xl/_rels/workbook.xml.rels
15:59:32.393 [main] DEBUG org.apache.poi.openxml4j.opc.PackageRelationshipCollection - Parsing relationship: /xl/worksheets/_rels/sheet1.xml.rels
15:59:32.395 [main] DEBUG org.apache.poi.openxml4j.opc.PackageRelationshipCollection - Parsing relationship: /_rels/.rels
15:59:32.401 [main] DEBUG org.apache.poi.ooxml.POIXMLFactory - using default POIXMLDocumentPart for http://schemas.openxmlformats.org/officeDocument/2006/relationships/printerSettings
15:59:36.705 [main] DEBUG api.test.UserTest - debugging...
15:59:36.713 [main] INFO  api.test.UserTest - ***** Reading User Info *********
15:59:38.044 [main] INFO  api.test.UserTest - ***** User Created *********
15:59:38.050 [main] INFO  api.test.UserTest - ***** Reading user info *********
15:59:39.352 [main] INFO  api.test.UserTest - ***** User Info is displayed*********
15:59:39.358 [main] INFO  api.test.UserTest - ***** Updating user*********
15:59:41.929 [main] INFO  api.test.UserTest - ***** User is updated*********
15:59:41.932 [main] INFO  api.test.UserTest - ***** Deleting user*********
15:59:43.242 [main] INFO  api.test.UserTest - ***** User deleted*********
16:01:50.102 [main] DEBUG api.test.UserTest2 - debugging...
16:01:50.115 [main] INFO  api.test.UserTest2 - ***** Reading User Info *********
16:01:54.913 [main] INFO  api.test.UserTest2 - ***** User Created *********
16:01:54.928 [main] INFO  api.test.UserTest2 - ***** Reading user info *********
16:01:56.114 [main] INFO  api.test.UserTest2 - ***** User Info is displayed*********
16:01:56.122 [main] INFO  api.test.UserTest2 - ***** Updating user*********
16:01:58.585 [main] INFO  api.test.UserTest2 - ***** User is updated*********
16:01:58.589 [main] INFO  api.test.UserTest2 - ***** Deleting user*********
16:01:59.807 [main] INFO  api.test.UserTest2 - ***** User deleted*********
16:09:59.230 [main] DEBUG api.test.UserTest2 - debugging...
16:09:59.256 [main] INFO  api.test.UserTest2 - ***** Reading User Info *********
16:10:04.025 [main] INFO  api.test.UserTest2 - ***** User Created *********
16:10:04.045 [main] INFO  api.test.UserTest2 - ***** Reading user info *********
16:10:05.916 [main] INFO  api.test.UserTest2 - ***** User Info is displayed*********
16:10:05.923 [main] INFO  api.test.UserTest2 - ***** Updating user*********
16:10:08.703 [main] INFO  api.test.UserTest2 - ***** User is updated*********
16:10:08.707 [main] INFO  api.test.UserTest2 - ***** Deleting user*********
16:10:09.892 [main] INFO  api.test.UserTest2 - ***** User deleted*********
17:15:14.353 [main] DEBUG api.test.UserTest2 - debugging...
17:15:14.368 [main] INFO  api.test.UserTest2 - ***** Reading User Info *********
17:15:18.161 [main] INFO  api.test.UserTest2 - ***** User Created *********
17:15:18.178 [main] INFO  api.test.UserTest2 - ***** Reading user info *********
17:15:19.648 [main] INFO  api.test.UserTest2 - ***** User Info is displayed*********
17:15:19.652 [main] INFO  api.test.UserTest2 - ***** Updating user*********
17:15:22.513 [main] INFO  api.test.UserTest2 - ***** User is updated*********
17:15:22.517 [main] INFO  api.test.UserTest2 - ***** Deleting user*********
17:15:23.786 [main] INFO  api.test.UserTest2 - ***** User deleted*********
17:16:09.940 [main] DEBUG api.test.UserTest2 - debugging...
17:16:09.971 [main] INFO  api.test.UserTest2 - ***** Reading User Info *********
17:16:13.775 [main] INFO  api.test.UserTest2 - ***** User Created *********
17:16:13.808 [main] INFO  api.test.UserTest2 - ***** Reading user info *********
17:16:15.253 [main] INFO  api.test.UserTest2 - ***** User Info is displayed*********
17:16:15.253 [main] INFO  api.test.UserTest2 - ***** Updating user*********
17:16:17.996 [main] INFO  api.test.UserTest2 - ***** User is updated*********
17:16:18.010 [main] INFO  api.test.UserTest2 - ***** Deleting user*********
17:16:19.333 [main] INFO  api.test.UserTest2 - ***** User deleted*********
17:33:50.797 [main] DEBUG api.test.UserTest - debugging...
17:33:50.808 [main] INFO  api.test.UserTest - ***** Reading User Info *********
17:33:54.265 [main] INFO  api.test.UserTest - ***** User Created *********
17:33:54.276 [main] INFO  api.test.UserTest - ***** Reading user info *********
17:33:55.545 [main] INFO  api.test.UserTest - ***** User Info is displayed*********
17:33:55.549 [main] INFO  api.test.UserTest - ***** Updating user*********
17:33:57.765 [main] INFO  api.test.UserTest - ***** User is updated*********
17:33:57.768 [main] INFO  api.test.UserTest - ***** Deleting user*********
17:33:58.925 [main] INFO  api.test.UserTest - ***** User deleted*********
17:35:22.558 [main] DEBUG api.test.UserTest - debugging...
17:35:22.575 [main] INFO  api.test.UserTest - ***** Reading User Info *********
17:35:26.743 [main] INFO  api.test.UserTest - ***** User Created *********
17:35:26.768 [main] INFO  api.test.UserTest - ***** Reading user info *********
17:35:28.039 [main] INFO  api.test.UserTest - ***** User Info is displayed*********
17:35:28.043 [main] INFO  api.test.UserTest - ***** Updating user*********
17:35:30.438 [main] INFO  api.test.UserTest - ***** User is updated*********
17:35:30.440 [main] INFO  api.test.UserTest - ***** Deleting user*********
17:35:31.604 [main] INFO  api.test.UserTest - ***** User deleted*********
17:58:44.326 [main] DEBUG api.test.UserTest - debugging...
17:58:44.350 [main] INFO  api.test.UserTest - ***** Reading User Info *********
17:58:47.198 [main] INFO  api.test.UserTest - ***** User Created *********
17:58:47.204 [main] INFO  api.test.UserTest - ***** Reading user info *********
17:58:48.368 [main] INFO  api.test.UserTest - ***** User Info is displayed*********
17:58:48.374 [main] INFO  api.test.UserTest - ***** Updating user*********
17:58:50.662 [main] INFO  api.test.UserTest - ***** User is updated*********
17:58:50.669 [main] INFO  api.test.UserTest - ***** Deleting user*********
17:58:51.766 [main] INFO  api.test.UserTest - ***** User deleted*********
17:59:33.901 [main] DEBUG api.test.UserTest - debugging...
17:59:33.919 [main] INFO  api.test.UserTest - ***** Reading User Info *********
17:59:37.057 [main] INFO  api.test.UserTest - ***** User Created *********
17:59:37.077 [main] INFO  api.test.UserTest - ***** Reading user info *********
17:59:38.269 [main] INFO  api.test.UserTest - ***** User Info is displayed*********
17:59:38.275 [main] INFO  api.test.UserTest - ***** Updating user*********
17:59:40.624 [main] INFO  api.test.UserTest - ***** User is updated*********
17:59:40.632 [main] INFO  api.test.UserTest - ***** Deleting user*********
17:59:41.777 [main] INFO  api.test.UserTest - ***** User deleted*********
18:00:01.102 [main] DEBUG api.test.UserTest - debugging...
18:00:01.117 [main] INFO  api.test.UserTest - ***** Reading User Info *********
18:00:04.404 [main] INFO  api.test.UserTest - ***** User Created *********
18:00:04.415 [main] INFO  api.test.UserTest - ***** Reading user info *********
18:00:05.649 [main] INFO  api.test.UserTest - ***** User Info is displayed*********
18:00:05.654 [main] INFO  api.test.UserTest - ***** Updating user*********
18:00:08.011 [main] INFO  api.test.UserTest - ***** User is updated*********
18:00:08.014 [main] INFO  api.test.UserTest - ***** Deleting user*********
18:00:09.269 [main] INFO  api.test.UserTest - ***** User deleted*********
18:01:31.731 [main] DEBUG api.test.UserTest - debugging...
18:01:31.741 [main] INFO  api.test.UserTest - ***** Reading User Info *********
18:01:34.997 [main] INFO  api.test.UserTest - ***** User Created *********
18:01:35.012 [main] INFO  api.test.UserTest - ***** Reading user info *********
18:01:36.189 [main] INFO  api.test.UserTest - ***** User Info is displayed*********
18:01:36.189 [main] INFO  api.test.UserTest - ***** Updating user*********
18:01:38.513 [main] INFO  api.test.UserTest - ***** User is updated*********
18:01:38.513 [main] INFO  api.test.UserTest - ***** Deleting user*********
18:01:39.694 [main] INFO  api.test.UserTest - ***** User deleted*********
18:07:25.245 [main] DEBUG api.test.UserTest - debugging...
18:07:25.245 [main] INFO  api.test.UserTest - ***** Reading User Info *********
18:07:28.592 [main] INFO  api.test.UserTest - ***** User Created *********
18:07:28.624 [main] INFO  api.test.UserTest - ***** Reading user info *********
18:07:29.951 [main] INFO  api.test.UserTest - ***** User Info is displayed*********
18:07:29.967 [main] INFO  api.test.UserTest - ***** Updating user*********
18:07:32.252 [main] INFO  api.test.UserTest - ***** User is updated*********
18:07:32.252 [main] INFO  api.test.UserTest - ***** Deleting user*********
18:07:33.527 [main] INFO  api.test.UserTest - ***** User deleted*********
18:08:43.892 [main] DEBUG api.test.UserTest - debugging...
18:08:43.912 [main] INFO  api.test.UserTest - ***** Reading User Info *********
18:08:47.050 [main] INFO  api.test.UserTest - ***** User Created *********
18:08:47.054 [main] INFO  api.test.UserTest - ***** Reading user info *********
18:08:48.208 [main] INFO  api.test.UserTest - ***** User Info is displayed*********
18:08:48.214 [main] INFO  api.test.UserTest - ***** Updating user*********
18:08:50.572 [main] INFO  api.test.UserTest - ***** User is updated*********
18:08:50.576 [main] INFO  api.test.UserTest - ***** Deleting user*********
18:08:51.879 [main] INFO  api.test.UserTest - ***** User deleted*********
18:09:03.444 [main] DEBUG api.test.UserTest - debugging...
18:09:03.461 [main] INFO  api.test.UserTest - ***** Reading User Info *********
18:09:06.463 [main] INFO  api.test.UserTest - ***** User Created *********
18:09:06.479 [main] INFO  api.test.UserTest - ***** Reading user info *********
18:09:07.592 [main] INFO  api.test.UserTest - ***** User Info is displayed*********
18:09:07.598 [main] INFO  api.test.UserTest - ***** Updating user*********
18:09:10.102 [main] INFO  api.test.UserTest - ***** User is updated*********
18:09:10.108 [main] INFO  api.test.UserTest - ***** Deleting user*********
18:09:11.278 [main] INFO  api.test.UserTest - ***** User deleted*********
18:12:22.135 [main] DEBUG api.test.UserTest - debugging...
18:12:22.154 [main] INFO  api.test.UserTest - ***** Reading User Info *********
18:12:25.342 [main] INFO  api.test.UserTest - ***** User Created *********
18:12:25.348 [main] INFO  api.test.UserTest - ***** Reading user info *********
18:12:26.502 [main] INFO  api.test.UserTest - ***** User Info is displayed*********
18:12:26.508 [main] INFO  api.test.UserTest - ***** Updating user*********
18:12:28.861 [main] INFO  api.test.UserTest - ***** User is updated*********
18:12:28.867 [main] INFO  api.test.UserTest - ***** Deleting user*********
18:12:30.218 [main] INFO  api.test.UserTest - ***** User deleted*********
18:12:42.347 [main] DEBUG api.test.UserTest - debugging...
18:12:42.364 [main] INFO  api.test.UserTest - ***** Reading User Info *********
18:12:45.239 [main] INFO  api.test.UserTest - ***** User Created *********
18:12:45.254 [main] INFO  api.test.UserTest - ***** Reading user info *********
18:12:46.439 [main] INFO  api.test.UserTest - ***** User Info is displayed*********
18:12:46.447 [main] INFO  api.test.UserTest - ***** Updating user*********
18:12:48.895 [main] INFO  api.test.UserTest - ***** User is updated*********
18:12:48.902 [main] INFO  api.test.UserTest - ***** Deleting user*********
18:12:49.991 [main] INFO  api.test.UserTest - ***** User deleted*********
18:27:40.067 [main] DEBUG api.test.UserTest - debugging...
18:27:40.077 [main] INFO  api.test.UserTest - ***** Reading User Info *********
18:27:44.483 [main] INFO  api.test.UserTest - ***** User Created *********
18:27:44.500 [main] INFO  api.test.UserTest - ***** Reading user info *********
18:27:45.616 [main] INFO  api.test.UserTest - ***** User Info is displayed*********
18:27:45.620 [main] INFO  api.test.UserTest - ***** Updating user*********
18:27:47.939 [main] INFO  api.test.UserTest - ***** User is updated*********
18:27:47.940 [main] INFO  api.test.UserTest - ***** Deleting user*********
18:27:49.001 [main] INFO  api.test.UserTest - ***** User deleted*********
18:28:43.298 [main] DEBUG api.test.UserTest - debugging...
18:28:43.318 [main] INFO  api.test.UserTest - ***** Reading User Info *********
18:28:46.526 [main] INFO  api.test.UserTest - ***** User Created *********
18:28:46.539 [main] INFO  api.test.UserTest - ***** Reading user info *********
18:28:47.697 [main] INFO  api.test.UserTest - ***** User Info is displayed*********
18:28:47.703 [main] INFO  api.test.UserTest - ***** Updating user*********
18:28:50.002 [main] INFO  api.test.UserTest - ***** User is updated*********
18:28:50.005 [main] INFO  api.test.UserTest - ***** Deleting user*********
18:28:51.241 [main] INFO  api.test.UserTest - ***** User deleted*********
18:32:47.982 [main] DEBUG api.test.UserTest - debugging...
18:32:47.997 [main] INFO  api.test.UserTest - ***** Reading User Info *********
18:32:51.975 [main] INFO  api.test.UserTest - ***** User Created *********
18:32:51.990 [main] INFO  api.test.UserTest - ***** Reading user info *********
18:32:53.158 [main] INFO  api.test.UserTest - ***** User Info is displayed*********
18:32:53.158 [main] INFO  api.test.UserTest - ***** Updating user*********
18:32:55.605 [main] INFO  api.test.UserTest - ***** User is updated*********
18:32:55.605 [main] INFO  api.test.UserTest - ***** Deleting user*********
18:32:56.753 [main] INFO  api.test.UserTest - ***** User deleted*********
18:45:29.252 [main] DEBUG api.test.UserTest - debugging...
18:45:29.263 [main] INFO  api.test.UserTest - ***** Reading User Info *********
18:45:32.910 [main] INFO  api.test.UserTest - ***** User Created *********
18:45:32.930 [main] INFO  api.test.UserTest - ***** Reading user info *********
18:45:34.146 [main] INFO  api.test.UserTest - ***** User Info is displayed*********
18:45:34.150 [main] INFO  api.test.UserTest - ***** Updating user*********
18:45:36.482 [main] INFO  api.test.UserTest - ***** User is updated*********
18:45:36.486 [main] INFO  api.test.UserTest - ***** Deleting user*********
18:45:37.708 [main] INFO  api.test.UserTest - ***** User deleted*********
18:46:31.335 [main] DEBUG api.test.UserTest - debugging...
18:46:31.345 [main] INFO  api.test.UserTest - ***** Reading User Info *********
18:46:34.194 [main] INFO  api.test.UserTest - ***** User Created *********
18:46:34.210 [main] INFO  api.test.UserTest - ***** Reading user info *********
18:46:35.403 [main] INFO  api.test.UserTest - ***** User Info is displayed*********
18:46:35.403 [main] INFO  api.test.UserTest - ***** Updating user*********
18:46:37.778 [main] INFO  api.test.UserTest - ***** User is updated*********
18:46:37.778 [main] INFO  api.test.UserTest - ***** Deleting user*********
18:46:38.926 [main] INFO  api.test.UserTest - ***** User deleted*********
